2024-07-30 14:15:02,570:INFO:__main__: starting main()
2024-07-30 14:15:02,571:INFO:utils.file_manager: The existing file D:\Study\Job\Cybercube\DataCollection\cve_csv_data\cve.csv has been deleted.
2024-07-30 14:15:02,572:INFO:utils.file_manager: The existing file D:\Study\Job\Cybercube\DataCollection\cve_csv_data\descriptions.csv has been deleted.
2024-07-30 14:15:02,573:INFO:utils.file_manager: The existing file D:\Study\Job\Cybercube\DataCollection\cve_csv_data\cvss_metric.csv has been deleted.
2024-07-30 14:15:02,574:INFO:utils.file_manager: The existing file D:\Study\Job\Cybercube\DataCollection\cve_csv_data\source_type.csv has been deleted.
2024-07-30 14:15:02,575:INFO:utils.file_manager: The existing file D:\Study\Job\Cybercube\DataCollection\cve_csv_data\weaknesses.csv has been deleted.
2024-07-30 14:15:02,575:INFO:utils.file_manager: The existing file D:\Study\Job\Cybercube\DataCollection\cve_csv_data\weaknesses_descriptions.csv has been deleted.
2024-07-30 14:15:02,576:INFO:utils.file_manager: The existing file D:\Study\Job\Cybercube\DataCollection\cve_csv_data\configurations.csv has been deleted.
2024-07-30 14:15:02,577:INFO:utils.file_manager: The existing file D:\Study\Job\Cybercube\DataCollection\cve_csv_data\nodes.csv has been deleted.
2024-07-30 14:15:02,579:INFO:utils.file_manager: The existing file D:\Study\Job\Cybercube\DataCollection\cve_csv_data\cpe_match.csv has been deleted.
2024-07-30 14:15:26,838:INFO:utils.data_fetcher: Response: <Response [200]>
2024-07-30 14:15:26,964:INFO:utils.csv_writer: Data added to the csv files
2024-07-30 14:15:26,974:INFO:utils.csv_writer: Data added to the csv files
2024-07-30 14:15:26,983:INFO:utils.csv_writer: Data added to the csv files
2024-07-30 14:15:26,988:INFO:utils.csv_writer: Data added to the csv files
2024-07-30 14:15:26,995:INFO:utils.csv_writer: Data added to the csv files
2024-07-30 14:15:27,004:INFO:utils.csv_writer: Data added to the csv files
2024-07-30 14:15:27,010:INFO:utils.csv_writer: Data added to the csv files
2024-07-30 14:15:27,015:INFO:utils.csv_writer: Data added to the csv files
2024-07-30 14:15:27,041:INFO:utils.csv_writer: Data added to the csv files
2024-07-30 14:15:27,042:INFO:__main__: total results : 258532
2024-07-30 14:15:27,042:INFO:__main__: start_index : 2000
2024-07-30 14:16:01,408:INFO:utils.data_fetcher: Response: <Response [200]>
2024-07-30 14:16:01,533:INFO:utils.csv_writer: Data added to the csv files
2024-07-30 14:16:01,545:INFO:utils.csv_writer: Data added to the csv files
2024-07-30 14:16:01,557:INFO:utils.csv_writer: Data added to the csv files
2024-07-30 14:16:01,562:INFO:utils.csv_writer: Data added to the csv files
2024-07-30 14:16:01,566:INFO:utils.csv_writer: Data added to the csv files
2024-07-30 14:16:01,576:INFO:utils.csv_writer: Data added to the csv files
2024-07-30 14:16:01,580:INFO:utils.csv_writer: Data added to the csv files
2024-07-30 14:16:01,586:INFO:utils.csv_writer: Data added to the csv files
2024-07-30 14:16:01,620:INFO:utils.csv_writer: Data added to the csv files
2024-07-30 14:16:01,620:INFO:__main__: total results : 258532
2024-07-30 14:16:01,621:INFO:__main__: start_index : 4000
