2024-07-29 22:58:01,323:INFO:__main__: starting main()
2024-07-29 22:58:01,327:INFO:utils.file_manager: The existing file D:\Study\Job\Cybercube\DataCollection\cpe_csv_data\cpe.csv has been deleted.
2024-07-29 22:58:01,329:INFO:utils.file_manager: The existing file D:\Study\Job\Cybercube\DataCollection\cpe_csv_data\titles.csv has been deleted.
2024-07-29 22:58:25,146:INFO:utils.data_fetcher: Response: <Response [200]>
2024-07-29 22:58:25,710:INFO:__main__: total results : 1283898
2024-07-29 22:58:25,711:INFO:__main__: start_index : 10000
2024-07-29 22:58:56,697:INFO:utils.data_fetcher: Response: <Response [200]>
2024-07-29 22:58:57,246:INFO:__main__: total results : 1283898
2024-07-29 22:58:57,248:INFO:__main__: start_index : 20000
2024-07-29 22:59:28,146:INFO:utils.data_fetcher: Response: <Response [200]>
2024-07-29 22:59:28,757:INFO:__main__: total results : 1283898
2024-07-29 22:59:28,759:INFO:__main__: start_index : 30000
2024-07-29 22:59:58,019:INFO:utils.data_fetcher: Response: <Response [200]>
2024-07-29 22:59:58,809:INFO:__main__: total results : 1283898
2024-07-29 22:59:58,809:INFO:__main__: start_index : 40000
2024-07-29 23:00:37,357:INFO:utils.data_fetcher: Response: <Response [200]>
2024-07-29 23:00:38,250:INFO:__main__: total results : 1283898
2024-07-29 23:00:38,252:INFO:__main__: start_index : 50000
2024-07-29 23:01:04,498:INFO:utils.data_fetcher: Response: <Response [200]>
2024-07-29 23:01:05,418:INFO:__main__: total results : 1283898
2024-07-29 23:01:05,420:INFO:__main__: start_index : 60000
2024-07-29 23:01:37,699:INFO:utils.data_fetcher: Response: <Response [200]>
2024-07-29 23:01:38,700:INFO:__main__: total results : 1283898
2024-07-29 23:01:38,702:INFO:__main__: start_index : 70000
2024-07-29 23:02:05,734:INFO:utils.data_fetcher: Response: <Response [200]>
2024-07-29 23:02:06,621:INFO:__main__: total results : 1283898
2024-07-29 23:02:06,623:INFO:__main__: start_index : 80000
2024-07-29 23:02:46,128:INFO:utils.data_fetcher: Response: <Response [200]>
2024-07-29 23:02:47,033:INFO:__main__: total results : 1283898
2024-07-29 23:02:47,035:INFO:__main__: start_index : 90000
2024-07-29 23:03:25,881:INFO:utils.data_fetcher: Response: <Response [200]>
2024-07-29 23:03:26,856:INFO:__main__: total results : 1283898
2024-07-29 23:03:26,858:INFO:__main__: start_index : 100000
2024-07-29 23:04:05,873:INFO:utils.data_fetcher: Response: <Response [200]>
2024-07-29 23:04:06,655:INFO:__main__: total results : 1283898
2024-07-29 23:04:06,657:INFO:__main__: start_index : 110000
2024-07-29 23:04:44,271:INFO:utils.data_fetcher: Response: <Response [200]>
2024-07-29 23:04:45,255:INFO:__main__: total results : 1283898
2024-07-29 23:04:45,257:INFO:__main__: start_index : 120000
2024-07-29 23:05:36,621:INFO:utils.data_fetcher: Response: <Response [200]>
2024-07-29 23:05:37,685:INFO:__main__: total results : 1283898
2024-07-29 23:05:37,687:INFO:__main__: start_index : 130000
2024-07-29 23:06:20,071:INFO:utils.data_fetcher: Response: <Response [200]>
2024-07-29 23:06:21,238:INFO:__main__: total results : 1283898
2024-07-29 23:06:21,240:INFO:__main__: start_index : 140000
2024-07-29 23:07:02,939:INFO:utils.data_fetcher: Response: <Response [200]>
2024-07-29 23:07:04,071:INFO:__main__: total results : 1283898
2024-07-29 23:07:04,074:INFO:__main__: start_index : 150000
2024-07-29 23:07:46,041:INFO:utils.data_fetcher: Response: <Response [200]>
2024-07-29 23:07:46,927:INFO:__main__: total results : 1283898
2024-07-29 23:07:46,928:INFO:__main__: start_index : 160000
2024-07-29 23:08:26,988:INFO:utils.data_fetcher: Response: <Response [200]>
2024-07-29 23:08:27,515:INFO:__main__: total results : 1283898
2024-07-29 23:08:27,516:INFO:__main__: start_index : 170000
2024-07-29 23:09:06,897:INFO:utils.data_fetcher: Response: <Response [200]>
2024-07-29 23:09:07,504:INFO:__main__: total results : 1283898
2024-07-29 23:09:07,506:INFO:__main__: start_index : 180000
2024-07-29 23:09:50,769:INFO:utils.data_fetcher: Response: <Response [200]>
2024-07-29 23:09:51,744:INFO:__main__: total results : 1283898
2024-07-29 23:09:51,747:INFO:__main__: start_index : 190000
2024-07-29 23:10:29,414:INFO:utils.data_fetcher: Response: <Response [200]>
2024-07-29 23:10:30,374:INFO:__main__: total results : 1283898
2024-07-29 23:10:30,377:INFO:__main__: start_index : 200000
2024-07-29 23:11:19,392:INFO:utils.data_fetcher: Response: <Response [200]>
2024-07-29 23:11:20,393:INFO:__main__: total results : 1283898
2024-07-29 23:11:20,395:INFO:__main__: start_index : 210000
2024-07-29 23:11:57,711:INFO:utils.data_fetcher: Response: <Response [200]>
2024-07-29 23:11:58,633:INFO:__main__: total results : 1283898
2024-07-29 23:11:58,635:INFO:__main__: start_index : 220000
2024-07-29 23:12:38,418:INFO:utils.data_fetcher: Response: <Response [200]>
2024-07-29 23:12:39,118:INFO:__main__: total results : 1283898
2024-07-29 23:12:39,120:INFO:__main__: start_index : 230000
2024-07-29 23:13:17,602:INFO:utils.data_fetcher: Response: <Response [200]>
2024-07-29 23:13:18,406:INFO:__main__: total results : 1283898
2024-07-29 23:13:18,406:INFO:__main__: start_index : 240000
2024-07-29 23:14:01,022:INFO:utils.data_fetcher: Response: <Response [200]>
2024-07-29 23:14:01,784:INFO:__main__: total results : 1283898
2024-07-29 23:14:01,785:INFO:__main__: start_index : 250000
2024-07-29 23:14:39,320:INFO:utils.data_fetcher: Response: <Response [200]>
2024-07-29 23:14:40,092:INFO:__main__: total results : 1283898
2024-07-29 23:14:40,094:INFO:__main__: start_index : 260000
2024-07-29 23:15:15,562:INFO:utils.data_fetcher: Response: <Response [200]>
2024-07-29 23:15:16,341:INFO:__main__: total results : 1283898
2024-07-29 23:15:16,343:INFO:__main__: start_index : 270000
2024-07-29 23:15:54,852:INFO:utils.data_fetcher: Response: <Response [200]>
2024-07-29 23:15:55,639:INFO:__main__: total results : 1283898
2024-07-29 23:15:55,640:INFO:__main__: start_index : 280000
2024-07-29 23:16:33,461:INFO:utils.data_fetcher: Response: <Response [200]>
2024-07-29 23:16:34,277:INFO:__main__: total results : 1283898
2024-07-29 23:16:34,278:INFO:__main__: start_index : 290000
2024-07-29 23:17:11,871:INFO:utils.data_fetcher: Response: <Response [200]>
2024-07-29 23:17:12,695:INFO:__main__: total results : 1283898
2024-07-29 23:17:12,697:INFO:__main__: start_index : 300000
2024-07-29 23:17:49,420:INFO:utils.data_fetcher: Response: <Response [200]>
2024-07-29 23:17:50,069:INFO:__main__: total results : 1283898
2024-07-29 23:17:50,071:INFO:__main__: start_index : 310000
2024-07-29 23:18:31,043:INFO:utils.data_fetcher: Response: <Response [200]>
2024-07-29 23:18:31,805:INFO:__main__: total results : 1283898
2024-07-29 23:18:31,805:INFO:__main__: start_index : 320000
2024-07-29 23:19:05,052:INFO:utils.data_fetcher: Response: <Response [200]>
2024-07-29 23:19:05,225:INFO:__main__: total results : 1283898
2024-07-29 23:19:05,225:INFO:__main__: start_index : 330000
2024-07-29 23:19:40,484:INFO:utils.data_fetcher: Response: <Response [200]>
2024-07-29 23:19:40,730:INFO:__main__: total results : 1283898
2024-07-29 23:19:40,730:INFO:__main__: start_index : 340000
2024-07-29 23:20:19,492:INFO:utils.data_fetcher: Response: <Response [200]>
2024-07-29 23:20:19,684:INFO:__main__: total results : 1283898
2024-07-29 23:20:19,685:INFO:__main__: start_index : 350000
2024-07-29 23:20:56,982:INFO:utils.data_fetcher: Response: <Response [200]>
2024-07-29 23:20:57,169:INFO:__main__: total results : 1283898
2024-07-29 23:20:57,170:INFO:__main__: start_index : 360000
2024-07-29 23:21:31,912:INFO:utils.data_fetcher: Response: <Response [200]>
2024-07-29 23:21:32,093:INFO:__main__: total results : 1283898
2024-07-29 23:21:32,093:INFO:__main__: start_index : 370000
2024-07-29 23:22:07,891:INFO:utils.data_fetcher: Response: <Response [200]>
2024-07-29 23:22:08,067:INFO:__main__: total results : 1283898
2024-07-29 23:22:08,067:INFO:__main__: start_index : 380000
2024-07-29 23:22:43,332:INFO:utils.data_fetcher: Response: <Response [200]>
2024-07-29 23:22:43,510:INFO:__main__: total results : 1283898
2024-07-29 23:22:43,510:INFO:__main__: start_index : 390000
2024-07-29 23:23:19,583:INFO:utils.data_fetcher: Response: <Response [200]>
2024-07-29 23:23:19,769:INFO:__main__: total results : 1283898
2024-07-29 23:23:19,770:INFO:__main__: start_index : 400000
2024-07-29 23:23:54,973:INFO:utils.data_fetcher: Response: <Response [200]>
2024-07-29 23:23:55,170:INFO:__main__: total results : 1283898
2024-07-29 23:23:55,170:INFO:__main__: start_index : 410000
2024-07-29 23:24:39,814:INFO:utils.data_fetcher: Response: <Response [200]>
2024-07-29 23:24:40,014:INFO:__main__: total results : 1283898
2024-07-29 23:24:40,015:INFO:__main__: start_index : 420000
2024-07-29 23:25:10,823:INFO:utils.data_fetcher: Response: <Response [200]>
2024-07-29 23:25:11,008:INFO:__main__: total results : 1283898
2024-07-29 23:25:11,009:INFO:__main__: start_index : 430000
2024-07-29 23:25:45,922:INFO:utils.data_fetcher: Response: <Response [200]>
2024-07-29 23:25:46,103:INFO:__main__: total results : 1283898
2024-07-29 23:25:46,104:INFO:__main__: start_index : 440000
2024-07-29 23:26:18,823:INFO:utils.data_fetcher: Response: <Response [200]>
2024-07-29 23:26:19,007:INFO:__main__: total results : 1283898
2024-07-29 23:26:19,008:INFO:__main__: start_index : 450000
2024-07-29 23:26:42,543:INFO:utils.data_fetcher: Response: <Response [200]>
2024-07-29 23:26:42,731:INFO:__main__: total results : 1283898
2024-07-29 23:26:42,731:INFO:__main__: start_index : 460000
2024-07-29 23:27:19,823:INFO:utils.data_fetcher: Response: <Response [200]>
2024-07-29 23:27:19,995:INFO:__main__: total results : 1283898
2024-07-29 23:27:19,996:INFO:__main__: start_index : 470000
2024-07-29 23:27:56,203:INFO:utils.data_fetcher: Response: <Response [200]>
2024-07-29 23:27:56,378:INFO:__main__: total results : 1283898
2024-07-29 23:27:56,379:INFO:__main__: start_index : 480000
2024-07-29 23:28:30,093:INFO:utils.data_fetcher: Response: <Response [200]>
2024-07-29 23:28:30,271:INFO:__main__: total results : 1283898
2024-07-29 23:28:30,271:INFO:__main__: start_index : 490000
2024-07-29 23:29:09,763:INFO:utils.data_fetcher: Response: <Response [200]>
2024-07-29 23:29:09,934:INFO:__main__: total results : 1283898
2024-07-29 23:29:09,935:INFO:__main__: start_index : 500000
2024-07-29 23:29:41,804:INFO:utils.data_fetcher: Response: <Response [200]>
2024-07-29 23:29:41,955:INFO:__main__: total results : 1283898
2024-07-29 23:29:41,956:INFO:__main__: start_index : 510000
2024-07-29 23:30:17,083:INFO:utils.data_fetcher: Response: <Response [200]>
2024-07-29 23:30:17,262:INFO:__main__: total results : 1283898
2024-07-29 23:30:17,262:INFO:__main__: start_index : 520000
2024-07-29 23:31:04,276:INFO:utils.data_fetcher: Response: <Response [200]>
2024-07-29 23:31:04,462:INFO:__main__: total results : 1283898
2024-07-29 23:31:04,462:INFO:__main__: start_index : 530000
2024-07-29 23:31:37,894:INFO:utils.data_fetcher: Response: <Response [200]>
2024-07-29 23:31:38,075:INFO:__main__: total results : 1283898
2024-07-29 23:31:38,076:INFO:__main__: start_index : 540000
2024-07-29 23:32:13,424:INFO:utils.data_fetcher: Response: <Response [200]>
2024-07-29 23:32:13,611:INFO:__main__: total results : 1283898
2024-07-29 23:32:13,612:INFO:__main__: start_index : 550000
2024-07-29 23:32:47,555:INFO:utils.data_fetcher: Response: <Response [200]>
2024-07-29 23:32:47,736:INFO:__main__: total results : 1283898
2024-07-29 23:32:47,737:INFO:__main__: start_index : 560000
2024-07-29 23:33:22,254:INFO:utils.data_fetcher: Response: <Response [200]>
2024-07-29 23:33:22,449:INFO:__main__: total results : 1283898
2024-07-29 23:33:22,450:INFO:__main__: start_index : 570000
2024-07-29 23:33:58,003:INFO:utils.data_fetcher: Response: <Response [200]>
2024-07-29 23:33:58,869:INFO:__main__: total results : 1283898
2024-07-29 23:33:58,870:INFO:__main__: start_index : 580000
2024-07-29 23:34:36,572:INFO:utils.data_fetcher: Response: <Response [200]>
2024-07-29 23:34:37,480:INFO:__main__: total results : 1283898
2024-07-29 23:34:37,482:INFO:__main__: start_index : 590000
2024-07-29 23:35:16,303:INFO:utils.data_fetcher: Response: <Response [200]>
2024-07-29 23:35:17,238:INFO:__main__: total results : 1283898
2024-07-29 23:35:17,240:INFO:__main__: start_index : 600000
2024-07-29 23:36:04,066:INFO:utils.data_fetcher: Response: <Response [200]>
2024-07-29 23:36:04,958:INFO:__main__: total results : 1283898
2024-07-29 23:36:04,960:INFO:__main__: start_index : 610000
2024-07-29 23:36:47,866:INFO:utils.data_fetcher: Response: <Response [200]>
2024-07-29 23:36:48,719:INFO:__main__: total results : 1283898
2024-07-29 23:36:48,720:INFO:__main__: start_index : 620000
2024-07-29 23:37:35,055:INFO:utils.data_fetcher: Response: <Response [200]>
2024-07-29 23:37:35,950:INFO:__main__: total results : 1283898
2024-07-29 23:37:35,951:INFO:__main__: start_index : 630000
2024-07-29 23:38:12,967:INFO:utils.data_fetcher: Response: <Response [200]>
2024-07-29 23:38:13,896:INFO:__main__: total results : 1283898
2024-07-29 23:38:13,898:INFO:__main__: start_index : 640000
2024-07-29 23:39:03,978:INFO:utils.data_fetcher: Response: <Response [200]>
2024-07-29 23:39:04,984:INFO:__main__: total results : 1283898
2024-07-29 23:39:04,986:INFO:__main__: start_index : 650000
2024-07-29 23:39:42,380:INFO:utils.data_fetcher: Response: <Response [200]>
2024-07-29 23:39:43,271:INFO:__main__: total results : 1283898
2024-07-29 23:39:43,273:INFO:__main__: start_index : 660000
2024-07-29 23:40:21,797:INFO:utils.data_fetcher: Response: <Response [200]>
2024-07-29 23:40:22,737:INFO:__main__: total results : 1283898
2024-07-29 23:40:22,738:INFO:__main__: start_index : 670000
2024-07-29 23:41:04,328:INFO:utils.data_fetcher: Response: <Response [200]>
2024-07-29 23:41:05,345:INFO:__main__: total results : 1283898
2024-07-29 23:41:05,348:INFO:__main__: start_index : 680000
2024-07-29 23:41:50,896:INFO:utils.data_fetcher: Response: <Response [200]>
2024-07-29 23:41:51,811:INFO:__main__: total results : 1283898
2024-07-29 23:41:51,813:INFO:__main__: start_index : 690000
2024-07-29 23:42:42,867:INFO:utils.data_fetcher: Response: <Response [200]>
2024-07-29 23:42:43,768:INFO:__main__: total results : 1283898
2024-07-29 23:42:43,770:INFO:__main__: start_index : 700000
2024-07-29 23:43:28,753:INFO:utils.data_fetcher: Response: <Response [200]>
2024-07-29 23:43:29,347:INFO:__main__: total results : 1283898
2024-07-29 23:43:29,347:INFO:__main__: start_index : 710000
2024-07-29 23:44:08,728:INFO:utils.data_fetcher: Response: <Response [200]>
2024-07-29 23:44:09,614:INFO:__main__: total results : 1283898
2024-07-29 23:44:09,615:INFO:__main__: start_index : 720000
2024-07-29 23:44:45,995:INFO:utils.data_fetcher: Response: <Response [200]>
2024-07-29 23:44:46,899:INFO:__main__: total results : 1283898
2024-07-29 23:44:46,902:INFO:__main__: start_index : 730000
2024-07-29 23:45:27,601:INFO:utils.data_fetcher: Response: <Response [200]>
2024-07-29 23:45:28,114:INFO:__main__: total results : 1283898
2024-07-29 23:45:28,120:INFO:__main__: start_index : 740000
2024-07-29 23:46:53,689:INFO:utils.data_fetcher: Response: <Response [200]>
2024-07-29 23:46:54,170:INFO:__main__: total results : 1283898
2024-07-29 23:46:54,171:INFO:__main__: start_index : 750000
2024-07-29 23:47:40,018:INFO:utils.data_fetcher: Response: <Response [200]>
2024-07-29 23:47:40,259:INFO:__main__: total results : 1283898
2024-07-29 23:47:40,260:INFO:__main__: start_index : 760000
2024-07-29 23:48:24,058:INFO:utils.data_fetcher: Response: <Response [200]>
2024-07-29 23:48:24,856:INFO:__main__: total results : 1283898
2024-07-29 23:48:24,858:INFO:__main__: start_index : 770000
2024-07-29 23:49:03,577:INFO:utils.data_fetcher: Response: <Response [200]>
2024-07-29 23:49:04,167:INFO:__main__: total results : 1283898
2024-07-29 23:49:04,168:INFO:__main__: start_index : 780000
2024-07-29 23:49:48,495:INFO:utils.data_fetcher: Response: <Response [200]>
2024-07-29 23:49:49,350:INFO:__main__: total results : 1283898
2024-07-29 23:49:49,351:INFO:__main__: start_index : 790000
2024-07-29 23:50:32,071:INFO:utils.data_fetcher: Response: <Response [200]>
2024-07-29 23:50:32,962:INFO:__main__: total results : 1283898
2024-07-29 23:50:32,963:INFO:__main__: start_index : 800000
2024-07-29 23:51:14,999:INFO:utils.data_fetcher: Response: <Response [200]>
2024-07-29 23:51:16,075:INFO:__main__: total results : 1283898
2024-07-29 23:51:16,077:INFO:__main__: start_index : 810000
2024-07-29 23:51:59,976:INFO:utils.data_fetcher: Response: <Response [200]>
2024-07-29 23:52:00,995:INFO:__main__: total results : 1283898
2024-07-29 23:52:00,997:INFO:__main__: start_index : 820000
2024-07-29 23:52:50,671:INFO:utils.data_fetcher: Response: <Response [200]>
2024-07-29 23:52:51,653:INFO:__main__: total results : 1283898
2024-07-29 23:52:51,655:INFO:__main__: start_index : 830000
2024-07-29 23:53:30,321:INFO:utils.data_fetcher: Response: <Response [200]>
2024-07-29 23:53:31,266:INFO:__main__: total results : 1283898
2024-07-29 23:53:31,267:INFO:__main__: start_index : 840000
2024-07-29 23:54:11,670:INFO:utils.data_fetcher: Response: <Response [200]>
2024-07-29 23:54:12,580:INFO:__main__: total results : 1283898
2024-07-29 23:54:12,581:INFO:__main__: start_index : 850000
2024-07-29 23:55:00,801:INFO:utils.data_fetcher: Response: <Response [200]>
2024-07-29 23:55:01,788:INFO:__main__: total results : 1283898
2024-07-29 23:55:01,789:INFO:__main__: start_index : 860000
2024-07-29 23:55:44,421:INFO:utils.data_fetcher: Response: <Response [200]>
2024-07-29 23:55:45,327:INFO:__main__: total results : 1283898
2024-07-29 23:55:45,328:INFO:__main__: start_index : 870000
2024-07-29 23:56:21,677:INFO:utils.data_fetcher: Response: <Response [200]>
2024-07-29 23:56:22,554:INFO:__main__: total results : 1283898
2024-07-29 23:56:22,556:INFO:__main__: start_index : 880000
2024-07-29 23:57:06,288:INFO:utils.data_fetcher: Response: <Response [200]>
2024-07-29 23:57:07,360:INFO:__main__: total results : 1283898
2024-07-29 23:57:07,362:INFO:__main__: start_index : 890000
2024-07-29 23:57:46,688:INFO:utils.data_fetcher: Response: <Response [200]>
2024-07-29 23:57:47,636:INFO:__main__: total results : 1283898
2024-07-29 23:57:47,637:INFO:__main__: start_index : 900000
2024-07-29 23:58:34,412:INFO:utils.data_fetcher: Response: <Response [200]>
2024-07-29 23:58:35,404:INFO:__main__: total results : 1283898
2024-07-29 23:58:35,407:INFO:__main__: start_index : 910000
2024-07-29 23:59:14,615:INFO:utils.data_fetcher: Response: <Response [200]>
2024-07-29 23:59:15,548:INFO:__main__: total results : 1283898
2024-07-29 23:59:15,549:INFO:__main__: start_index : 920000
2024-07-29 23:59:54,862:INFO:utils.data_fetcher: Response: <Response [200]>
2024-07-29 23:59:55,795:INFO:__main__: total results : 1283898
2024-07-29 23:59:55,797:INFO:__main__: start_index : 930000
2024-07-30 00:00:34,573:INFO:utils.data_fetcher: Response: <Response [200]>
2024-07-30 00:00:35,519:INFO:__main__: total results : 1283898
2024-07-30 00:00:35,522:INFO:__main__: start_index : 940000
2024-07-30 00:01:22,529:INFO:utils.data_fetcher: Response: <Response [200]>
2024-07-30 00:01:23,452:INFO:__main__: total results : 1283898
2024-07-30 00:01:23,453:INFO:__main__: start_index : 950000
2024-07-30 00:02:02,217:INFO:utils.data_fetcher: Response: <Response [200]>
2024-07-30 00:02:03,082:INFO:__main__: total results : 1283898
2024-07-30 00:02:03,084:INFO:__main__: start_index : 960000
2024-07-30 00:02:42,251:INFO:utils.data_fetcher: Response: <Response [200]>
2024-07-30 00:02:43,229:INFO:__main__: total results : 1283898
2024-07-30 00:02:43,230:INFO:__main__: start_index : 970000
2024-07-30 00:03:26,532:INFO:utils.data_fetcher: Response: <Response [200]>
2024-07-30 00:03:27,537:INFO:__main__: total results : 1283898
2024-07-30 00:03:27,539:INFO:__main__: start_index : 980000
2024-07-30 00:04:25,187:INFO:utils.data_fetcher: Response: <Response [200]>
2024-07-30 00:04:26,168:INFO:__main__: total results : 1283898
2024-07-30 00:04:26,170:INFO:__main__: start_index : 990000
2024-07-30 00:05:02,781:INFO:utils.data_fetcher: Response: <Response [200]>
2024-07-30 00:05:03,704:INFO:__main__: total results : 1283898
2024-07-30 00:05:03,706:INFO:__main__: start_index : 1000000
2024-07-30 00:05:39,691:INFO:utils.data_fetcher: Response: <Response [200]>
2024-07-30 00:05:40,577:INFO:__main__: total results : 1283898
2024-07-30 00:05:40,579:INFO:__main__: start_index : 1010000
2024-07-30 00:06:26,324:INFO:utils.data_fetcher: Response: <Response [200]>
2024-07-30 00:06:27,389:INFO:__main__: total results : 1283898
2024-07-30 00:06:27,392:INFO:__main__: start_index : 1020000
2024-07-30 00:07:09,369:INFO:utils.data_fetcher: Response: <Response [200]>
2024-07-30 00:07:10,365:INFO:__main__: total results : 1283898
2024-07-30 00:07:10,367:INFO:__main__: start_index : 1030000
2024-07-30 00:07:53,924:INFO:utils.data_fetcher: Response: <Response [200]>
2024-07-30 00:07:54,833:INFO:__main__: total results : 1283898
2024-07-30 00:07:54,835:INFO:__main__: start_index : 1040000
2024-07-30 00:08:38,520:INFO:utils.data_fetcher: Response: <Response [200]>
2024-07-30 00:08:39,457:INFO:__main__: total results : 1283898
2024-07-30 00:08:39,459:INFO:__main__: start_index : 1050000
2024-07-30 00:09:32,875:INFO:utils.data_fetcher: Response: <Response [200]>
2024-07-30 00:09:33,767:INFO:__main__: total results : 1283898
2024-07-30 00:09:33,769:INFO:__main__: start_index : 1060000
2024-07-30 00:10:21,916:INFO:utils.data_fetcher: Response: <Response [200]>
2024-07-30 00:10:22,936:INFO:__main__: total results : 1283898
2024-07-30 00:10:22,937:INFO:__main__: start_index : 1070000
2024-07-30 00:11:12,368:INFO:utils.data_fetcher: Response: <Response [200]>
2024-07-30 00:11:13,329:INFO:__main__: total results : 1283898
2024-07-30 00:11:13,332:INFO:__main__: start_index : 1080000
2024-07-30 00:11:55,145:INFO:utils.data_fetcher: Response: <Response [200]>
2024-07-30 00:11:56,079:INFO:__main__: total results : 1283898
2024-07-30 00:11:56,082:INFO:__main__: start_index : 1090000
2024-07-30 00:12:33,922:INFO:utils.data_fetcher: Response: <Response [200]>
2024-07-30 00:12:34,842:INFO:__main__: total results : 1283898
2024-07-30 00:12:34,843:INFO:__main__: start_index : 1100000
2024-07-30 00:13:15,549:INFO:utils.data_fetcher: Response: <Response [200]>
2024-07-30 00:13:16,392:INFO:__main__: total results : 1283898
2024-07-30 00:13:16,394:INFO:__main__: start_index : 1110000
2024-07-30 00:14:01,122:INFO:utils.data_fetcher: Response: <Response [200]>
2024-07-30 00:14:02,341:INFO:__main__: total results : 1283898
2024-07-30 00:14:02,342:INFO:__main__: start_index : 1120000
2024-07-30 00:14:50,087:INFO:utils.data_fetcher: Response: <Response [200]>
2024-07-30 00:14:50,377:INFO:__main__: total results : 1283898
2024-07-30 00:14:50,377:INFO:__main__: start_index : 1130000
2024-07-30 00:15:41,072:INFO:utils.data_fetcher: Response: <Response [200]>
2024-07-30 00:15:41,262:INFO:__main__: total results : 1283898
2024-07-30 00:15:41,263:INFO:__main__: start_index : 1140000
2024-07-30 00:16:16,342:INFO:utils.data_fetcher: Response: <Response [200]>
2024-07-30 00:16:16,548:INFO:__main__: total results : 1283898
2024-07-30 00:16:16,548:INFO:__main__: start_index : 1150000
2024-07-30 00:16:55,801:INFO:utils.data_fetcher: Response: <Response [200]>
2024-07-30 00:16:56,001:INFO:__main__: total results : 1283898
2024-07-30 00:16:56,001:INFO:__main__: start_index : 1160000
2024-07-30 00:17:35,564:INFO:utils.data_fetcher: Response: <Response [200]>
2024-07-30 00:17:35,769:INFO:__main__: total results : 1283898
2024-07-30 00:17:35,770:INFO:__main__: start_index : 1170000
2024-07-30 00:18:15,432:INFO:utils.data_fetcher: Response: <Response [200]>
2024-07-30 00:18:15,621:INFO:__main__: total results : 1283898
2024-07-30 00:18:15,622:INFO:__main__: start_index : 1180000
2024-07-30 00:19:03,552:INFO:utils.data_fetcher: Response: <Response [200]>
2024-07-30 00:19:03,739:INFO:__main__: total results : 1283898
2024-07-30 00:19:03,740:INFO:__main__: start_index : 1190000
2024-07-30 00:19:43,670:INFO:utils.data_fetcher: Response: <Response [200]>
2024-07-30 00:19:43,854:INFO:__main__: total results : 1283898
2024-07-30 00:19:43,855:INFO:__main__: start_index : 1200000
2024-07-30 00:20:26,282:INFO:utils.data_fetcher: Response: <Response [200]>
2024-07-30 00:20:26,493:INFO:__main__: total results : 1283898
2024-07-30 00:20:26,494:INFO:__main__: start_index : 1210000
2024-07-30 00:21:08,252:INFO:utils.data_fetcher: Response: <Response [200]>
2024-07-30 00:21:08,456:INFO:__main__: total results : 1283898
2024-07-30 00:21:08,456:INFO:__main__: start_index : 1220000
2024-07-30 00:21:48,673:INFO:utils.data_fetcher: Response: <Response [200]>
2024-07-30 00:21:48,878:INFO:__main__: total results : 1283898
2024-07-30 00:21:48,878:INFO:__main__: start_index : 1230000
2024-07-30 00:22:27,213:INFO:utils.data_fetcher: Response: <Response [200]>
2024-07-30 00:22:27,412:INFO:__main__: total results : 1283898
2024-07-30 00:22:27,413:INFO:__main__: start_index : 1240000
2024-07-30 00:23:07,114:INFO:utils.data_fetcher: Response: <Response [200]>
2024-07-30 00:23:07,301:INFO:__main__: total results : 1283898
2024-07-30 00:23:07,301:INFO:__main__: start_index : 1250000
2024-07-30 00:23:43,593:INFO:utils.data_fetcher: Response: <Response [200]>
2024-07-30 00:23:43,791:INFO:__main__: total results : 1283898
2024-07-30 00:23:43,792:INFO:__main__: start_index : 1260000
2024-07-30 00:24:21,264:INFO:utils.data_fetcher: Response: <Response [200]>
2024-07-30 00:24:21,471:INFO:__main__: total results : 1283898
2024-07-30 00:24:21,471:INFO:__main__: start_index : 1270000
2024-07-30 00:25:01,104:INFO:utils.data_fetcher: Response: <Response [200]>
2024-07-30 00:25:01,293:INFO:__main__: total results : 1283898
2024-07-30 00:25:01,293:INFO:__main__: start_index : 1280000
2024-07-30 00:25:22,932:INFO:utils.data_fetcher: Response: <Response [200]>
2024-07-30 00:25:23,010:INFO:__main__: total results : 1283898
2024-07-30 00:25:23,011:INFO:__main__: start_index : 1290000
2024-07-30 00:25:29,018:INFO:__main__: finished main()
2024-07-30 00:25:52,034:INFO:utils.data_fetcher: Response: <Response [200]>
